1->0 2
2->9 1
3->10 1
4->10 2
5->11 1
6->11 1
7->0 1
8->1 2
9->1 1
10->7 1
11->7 1
12->8 1
13->8 1
14->9 2

antes 3 depois 0
antes 2 depois 2
antes 0 depois 34
antes 0 depois 3
antes 0 depois 4
antes 0 depois 3
antes 0 depois 3
antes 2 depois 1
antes 1 depois 4
antes 1 depois 33
antes 1 depois 2
antes 1 depois 2
antes 0 depois 5
antes 0 depois 5
antes 0 depois 88
1->0 2
2->9 1
3->10 1
4->10 2
5->11 1
6->11 1
7->0 1
8->1 2
9->1 31
10->7 1
11->7 1
12->8 1
13->8 1
14->9 55

Architecture MESH
Grid: 
0	3	1	14
7	10	9	2
11	5	8	13
6	4	12	255
Heatmap: 
0	0	0	0
0	0	0	0
0	0	0	0
0	0	0	0

